<?xml version="1.0" encoding="UTF-8"?>
<testsuite name="com.example.demo.service.CategoryServiceTest" tests="6" skipped="0" failures="0" errors="0" timestamp="2025-11-21T15:37:32" hostname="NITRO" time="1.288">
  <properties/>
  <testcase name="shouldReturnAllCategories()" classname="com.example.demo.service.CategoryServiceTest" time="1.24"/>
  <testcase name="shouldReturnCategoryById()" classname="com.example.demo.service.CategoryServiceTest" time="0.011"/>
  <testcase name="shouldThrowWhenUpdatingNonExistingCategory()" classname="com.example.demo.service.CategoryServiceTest" time="0.007"/>
  <testcase name="shouldCreateCategorySuccessfully()" classname="com.example.demo.service.CategoryServiceTest" time="0.005"/>
  <testcase name="shouldUpdateCategorySuccessfully()" classname="com.example.demo.service.CategoryServiceTest" time="0.011"/>
  <testcase name="shouldDeleteSuccessfully()" classname="com.example.demo.service.CategoryServiceTest" time="0.003"/>
  <system-out><![CDATA[]]></system-out>
  <system-err><![CDATA[WARNING: A Java agent has been loaded dynamically (C:\Users\stev1\.gradle\caches\modules-2\files-2.1\net.bytebuddy\byte-buddy-agent\1.14.11\f9cb566608fbac6bc7bf54901a7aa11543a989ee\byte-buddy-agent-1.14.11.jar)
WARNING: If a serviceability tool is in use, please run with -XX:+EnableDynamicAgentLoading to hide this warning
WARNING: If a serviceability tool is not in use, please run with -Djdk.instrument.traceUsage for more information
WARNING: Dynamic loading of agents will be disallowed by default in a future release
]]></system-err>
</testsuite>
